2021-06-20 10:46:00.720 INFO Network Game Server - JUNIT TEST
2021-06-20 10:46:00.722 INFO Java Version 1.8.0_251 OS Name Mac OS X OS Version 10.16
2021-06-20 10:46:00.729 INFO Network Game Server - JUNIT TEST
2021-06-20 10:46:00.729 INFO Java Version 1.8.0_251 OS Name Mac OS X OS Version 10.16
2021-06-20 10:46:00.731 INFO Network Game Server - JUNIT TEST
2021-06-20 10:46:00.731 INFO Java Version 1.8.0_251 OS Name Mac OS X OS Version 10.16
2021-06-20 10:46:00.732 INFO Network Game Server - JUNIT TEST
2021-06-20 10:46:00.732 INFO Java Version 1.8.0_251 OS Name Mac OS X OS Version 10.16
2021-06-20 10:46:00.734 INFO Network Game Server - JUNIT TEST
2021-06-20 10:46:00.734 INFO Java Version 1.8.0_251 OS Name Mac OS X OS Version 10.16
2021-06-20 10:46:00.735 INFO Network Game Server - JUNIT TEST
2021-06-20 10:46:00.735 INFO Java Version 1.8.0_251 OS Name Mac OS X OS Version 10.16
2021-06-20 10:46:00.736 INFO Network Game Server - JUNIT TEST
2021-06-20 10:46:00.736 INFO Java Version 1.8.0_251 OS Name Mac OS X OS Version 10.16
2021-06-20 10:46:00.737 INFO Network Game Server - JUNIT TEST
2021-06-20 10:46:00.737 INFO Java Version 1.8.0_251 OS Name Mac OS X OS Version 10.16
2021-06-20 10:46:00.738 INFO Network Game Server - JUNIT TEST
2021-06-20 10:46:00.738 INFO Java Version 1.8.0_251 OS Name Mac OS X OS Version 10.16
2021-06-20 10:46:00.739 INFO Network Game Server - JUNIT TEST
2021-06-20 10:46:00.740 INFO Java Version 1.8.0_251 OS Name Mac OS X OS Version 10.16
2021-06-20 10:46:00.740 INFO Network Game Server - JUNIT TEST
2021-06-20 10:46:00.741 INFO Java Version 1.8.0_251 OS Name Mac OS X OS Version 10.16
2021-06-20 10:46:00.742 INFO Network Game Server - JUNIT TEST
2021-06-20 10:46:00.742 INFO Java Version 1.8.0_251 OS Name Mac OS X OS Version 10.16
2021-06-20 10:46:00.744 INFO Network Game Server - JUNIT TEST
2021-06-20 10:46:00.744 INFO Java Version 1.8.0_251 OS Name Mac OS X OS Version 10.16
2021-06-20 10:46:00.746 INFO Network Game Server - JUNIT TEST
2021-06-20 10:46:00.746 INFO Java Version 1.8.0_251 OS Name Mac OS X OS Version 10.16
2021-06-20 10:46:00.758 INFO Network Game Server - JUNIT TEST
2021-06-20 10:46:00.759 INFO Java Version 1.8.0_251 OS Name Mac OS X OS Version 10.16
2021-06-20 10:46:00.761 INFO Network Game Server - JUNIT TEST
2021-06-20 10:46:00.761 INFO Java Version 1.8.0_251 OS Name Mac OS X OS Version 10.16
2021-06-20 10:46:00.762 INFO Network Game Server - JUNIT TEST
2021-06-20 10:46:00.763 INFO Java Version 1.8.0_251 OS Name Mac OS X OS Version 10.16
2021-06-20 10:46:00.764 INFO Network Game Server - JUNIT TEST
2021-06-20 10:46:00.764 INFO Java Version 1.8.0_251 OS Name Mac OS X OS Version 10.16
2021-06-20 10:46:00.765 INFO Network Game Server - JUNIT TEST
2021-06-20 10:46:00.765 INFO Java Version 1.8.0_251 OS Name Mac OS X OS Version 10.16
2021-06-20 10:46:00.766 INFO Network Game Server - JUNIT TEST
2021-06-20 10:46:00.766 INFO Java Version 1.8.0_251 OS Name Mac OS X OS Version 10.16
2021-06-20 10:46:00.767 INFO Network Game Server - JUNIT TEST
2021-06-20 10:46:00.767 INFO Java Version 1.8.0_251 OS Name Mac OS X OS Version 10.16
2021-06-20 10:46:00.769 INFO Network Game Server - JUNIT TEST
2021-06-20 10:46:00.769 INFO Java Version 1.8.0_251 OS Name Mac OS X OS Version 10.16
2021-06-20 10:46:00.771 INFO Network Game Server - JUNIT TEST
2021-06-20 10:46:00.771 INFO Java Version 1.8.0_251 OS Name Mac OS X OS Version 10.16
2021-06-20 10:46:00.772 INFO Network Game Server - JUNIT TEST
2021-06-20 10:46:00.772 INFO Java Version 1.8.0_251 OS Name Mac OS X OS Version 10.16
2021-06-20 10:46:00.773 INFO Network Game Server - JUNIT TEST
2021-06-20 10:46:00.773 INFO Java Version 1.8.0_251 OS Name Mac OS X OS Version 10.16
2021-06-20 10:46:00.774 INFO Network Game Server - JUNIT TEST
2021-06-20 10:46:00.774 INFO Java Version 1.8.0_251 OS Name Mac OS X OS Version 10.16
2021-06-20 10:46:00.775 INFO Network Game Server - JUNIT TEST
2021-06-20 10:46:00.776 INFO Java Version 1.8.0_251 OS Name Mac OS X OS Version 10.16
2021-06-20 10:46:00.776 INFO Network Game Server - JUNIT TEST
2021-06-20 10:46:00.777 INFO Java Version 1.8.0_251 OS Name Mac OS X OS Version 10.16
2021-06-20 10:46:00.778 INFO Network Game Server - JUNIT TEST
2021-06-20 10:46:00.778 INFO Java Version 1.8.0_251 OS Name Mac OS X OS Version 10.16
2021-06-20 10:46:00.779 INFO Network Game Server - JUNIT TEST
2021-06-20 10:46:00.779 INFO Java Version 1.8.0_251 OS Name Mac OS X OS Version 10.16
2021-06-20 10:46:00.780 INFO Network Game Server - JUNIT TEST
2021-06-20 10:46:00.780 INFO Java Version 1.8.0_251 OS Name Mac OS X OS Version 10.16
2021-06-20 10:46:00.781 INFO Network Game Server - JUNIT TEST
2021-06-20 10:46:00.781 INFO Java Version 1.8.0_251 OS Name Mac OS X OS Version 10.16
2021-06-20 10:46:00.782 INFO Network Game Server - JUNIT TEST
2021-06-20 10:46:00.782 INFO Java Version 1.8.0_251 OS Name Mac OS X OS Version 10.16
2021-06-20 10:46:00.782 INFO Ready to Update Client Handlers with Client Name Fred to Game ID 2020-02-26-1001
2021-06-20 10:46:00.783 INFO Network Game Server - JUNIT TEST
2021-06-20 10:46:00.784 INFO Java Version 1.8.0_251 OS Name Mac OS X OS Version 10.16
2021-06-20 10:46:00.784 INFO Network Game Server - JUNIT TEST
2021-06-20 10:46:00.785 INFO Java Version 1.8.0_251 OS Name Mac OS X OS Version 10.16
2021-06-20 10:46:00.785 INFO Network Game Server - JUNIT TEST
2021-06-20 10:46:00.785 INFO Java Version 1.8.0_251 OS Name Mac OS X OS Version 10.16
2021-06-20 10:46:00.786 INFO Network Game Server - JUNIT TEST
2021-06-20 10:46:00.786 INFO Java Version 1.8.0_251 OS Name Mac OS X OS Version 10.16
2021-06-20 10:46:00.787 INFO Network Game Server - JUNIT TEST
2021-06-20 10:46:00.787 INFO Java Version 1.8.0_251 OS Name Mac OS X OS Version 10.16
2021-06-20 10:46:01.272 INFO Network Game Server - JUNIT TEST
2021-06-20 10:46:01.273 INFO Java Version 1.8.0_251 OS Name Mac OS X OS Version 10.16
2021-06-20 10:46:01.273 INFO George has a List of the following Clients:
2021-06-20 10:46:01.273 INFO There are 2 Clients in the list
2021-06-20 10:46:01.273 INFO Client Name is Fred Socket on Port 0
2021-06-20 10:46:01.273 INFO Client Name is George Socket on Port 0
2021-06-20 10:46:01.273 INFO Fred has a List of the following Clients:
2021-06-20 10:46:01.273 INFO There are 2 Clients in the list
2021-06-20 10:46:01.274 INFO Client Name is Fred Socket on Port 0
2021-06-20 10:46:01.274 INFO Client Name is George Socket on Port 0
2021-06-20 10:48:22.306 INFO Network Game Server - JUNIT TEST
2021-06-20 10:48:22.308 INFO Java Version 1.8.0_251 OS Name Mac OS X OS Version 10.16
2021-06-20 10:48:22.314 INFO Network Game Server - JUNIT TEST
2021-06-20 10:48:22.314 INFO Java Version 1.8.0_251 OS Name Mac OS X OS Version 10.16
2021-06-20 10:48:22.315 INFO Network Game Server - JUNIT TEST
2021-06-20 10:48:22.315 INFO Java Version 1.8.0_251 OS Name Mac OS X OS Version 10.16
2021-06-20 10:48:22.316 INFO Network Game Server - JUNIT TEST
2021-06-20 10:48:22.317 INFO Java Version 1.8.0_251 OS Name Mac OS X OS Version 10.16
2021-06-20 10:48:22.317 INFO Network Game Server - JUNIT TEST
2021-06-20 10:48:22.317 INFO Java Version 1.8.0_251 OS Name Mac OS X OS Version 10.16
2021-06-20 10:48:22.318 INFO Network Game Server - JUNIT TEST
2021-06-20 10:48:22.319 INFO Java Version 1.8.0_251 OS Name Mac OS X OS Version 10.16
2021-06-20 10:48:22.319 INFO Network Game Server - JUNIT TEST
2021-06-20 10:48:22.320 INFO Java Version 1.8.0_251 OS Name Mac OS X OS Version 10.16
2021-06-20 10:48:22.320 INFO Network Game Server - JUNIT TEST
2021-06-20 10:48:22.320 INFO Java Version 1.8.0_251 OS Name Mac OS X OS Version 10.16
2021-06-20 10:48:22.321 INFO Network Game Server - JUNIT TEST
2021-06-20 10:48:22.321 INFO Java Version 1.8.0_251 OS Name Mac OS X OS Version 10.16
2021-06-20 10:48:22.322 INFO Network Game Server - JUNIT TEST
2021-06-20 10:48:22.322 INFO Java Version 1.8.0_251 OS Name Mac OS X OS Version 10.16
2021-06-20 10:48:22.323 INFO Network Game Server - JUNIT TEST
2021-06-20 10:48:22.323 INFO Java Version 1.8.0_251 OS Name Mac OS X OS Version 10.16
2021-06-20 10:48:22.325 INFO Network Game Server - JUNIT TEST
2021-06-20 10:48:22.325 INFO Java Version 1.8.0_251 OS Name Mac OS X OS Version 10.16
2021-06-20 10:48:22.326 INFO Network Game Server - JUNIT TEST
2021-06-20 10:48:22.326 INFO Java Version 1.8.0_251 OS Name Mac OS X OS Version 10.16
2021-06-20 10:48:22.327 INFO Network Game Server - JUNIT TEST
2021-06-20 10:48:22.327 INFO Java Version 1.8.0_251 OS Name Mac OS X OS Version 10.16
2021-06-20 10:48:22.337 INFO Network Game Server - JUNIT TEST
2021-06-20 10:48:22.337 INFO Java Version 1.8.0_251 OS Name Mac OS X OS Version 10.16
2021-06-20 10:48:22.340 INFO Network Game Server - JUNIT TEST
2021-06-20 10:48:22.340 INFO Java Version 1.8.0_251 OS Name Mac OS X OS Version 10.16
2021-06-20 10:48:22.341 INFO Network Game Server - JUNIT TEST
2021-06-20 10:48:22.341 INFO Java Version 1.8.0_251 OS Name Mac OS X OS Version 10.16
2021-06-20 10:48:22.342 INFO Network Game Server - JUNIT TEST
2021-06-20 10:48:22.342 INFO Java Version 1.8.0_251 OS Name Mac OS X OS Version 10.16
2021-06-20 10:48:22.343 INFO Network Game Server - JUNIT TEST
2021-06-20 10:48:22.343 INFO Java Version 1.8.0_251 OS Name Mac OS X OS Version 10.16
2021-06-20 10:48:22.343 INFO Network Game Server - JUNIT TEST
2021-06-20 10:48:22.344 INFO Java Version 1.8.0_251 OS Name Mac OS X OS Version 10.16
2021-06-20 10:48:22.345 INFO Network Game Server - JUNIT TEST
2021-06-20 10:48:22.345 INFO Java Version 1.8.0_251 OS Name Mac OS X OS Version 10.16
2021-06-20 10:48:22.346 INFO Network Game Server - JUNIT TEST
2021-06-20 10:48:22.346 INFO Java Version 1.8.0_251 OS Name Mac OS X OS Version 10.16
2021-06-20 10:48:22.348 INFO Network Game Server - JUNIT TEST
2021-06-20 10:48:22.348 INFO Java Version 1.8.0_251 OS Name Mac OS X OS Version 10.16
2021-06-20 10:48:22.349 INFO Network Game Server - JUNIT TEST
2021-06-20 10:48:22.349 INFO Java Version 1.8.0_251 OS Name Mac OS X OS Version 10.16
2021-06-20 10:48:22.350 INFO Network Game Server - JUNIT TEST
2021-06-20 10:48:22.350 INFO Java Version 1.8.0_251 OS Name Mac OS X OS Version 10.16
2021-06-20 10:48:22.351 INFO Network Game Server - JUNIT TEST
2021-06-20 10:48:22.351 INFO Java Version 1.8.0_251 OS Name Mac OS X OS Version 10.16
2021-06-20 10:48:22.352 INFO Network Game Server - JUNIT TEST
2021-06-20 10:48:22.352 INFO Java Version 1.8.0_251 OS Name Mac OS X OS Version 10.16
2021-06-20 10:48:22.353 INFO Network Game Server - JUNIT TEST
2021-06-20 10:48:22.353 INFO Java Version 1.8.0_251 OS Name Mac OS X OS Version 10.16
2021-06-20 10:48:22.354 INFO Network Game Server - JUNIT TEST
2021-06-20 10:48:22.354 INFO Java Version 1.8.0_251 OS Name Mac OS X OS Version 10.16
2021-06-20 10:48:22.355 INFO Network Game Server - JUNIT TEST
2021-06-20 10:48:22.357 INFO Java Version 1.8.0_251 OS Name Mac OS X OS Version 10.16
2021-06-20 10:48:22.358 INFO Network Game Server - JUNIT TEST
2021-06-20 10:48:22.358 INFO Java Version 1.8.0_251 OS Name Mac OS X OS Version 10.16
2021-06-20 10:48:22.359 INFO Network Game Server - JUNIT TEST
2021-06-20 10:48:22.359 INFO Java Version 1.8.0_251 OS Name Mac OS X OS Version 10.16
2021-06-20 10:48:22.360 INFO Network Game Server - JUNIT TEST
2021-06-20 10:48:22.360 INFO Java Version 1.8.0_251 OS Name Mac OS X OS Version 10.16
2021-06-20 10:48:22.360 INFO Ready to Update Client Handlers with Client Name Fred to Game ID 2020-02-26-1001
2021-06-20 10:48:22.361 INFO Network Game Server - JUNIT TEST
2021-06-20 10:48:22.361 INFO Java Version 1.8.0_251 OS Name Mac OS X OS Version 10.16
2021-06-20 10:48:22.362 INFO Network Game Server - JUNIT TEST
2021-06-20 10:48:22.362 INFO Java Version 1.8.0_251 OS Name Mac OS X OS Version 10.16
2021-06-20 10:48:22.363 INFO Network Game Server - JUNIT TEST
2021-06-20 10:48:22.363 INFO Java Version 1.8.0_251 OS Name Mac OS X OS Version 10.16
2021-06-20 10:48:22.364 INFO Network Game Server - JUNIT TEST
2021-06-20 10:48:22.364 INFO Java Version 1.8.0_251 OS Name Mac OS X OS Version 10.16
2021-06-20 10:48:22.364 INFO Network Game Server - JUNIT TEST
2021-06-20 10:48:22.364 INFO Java Version 1.8.0_251 OS Name Mac OS X OS Version 10.16
2021-06-20 10:48:22.818 INFO Network Game Server - JUNIT TEST
2021-06-20 10:48:22.818 INFO Java Version 1.8.0_251 OS Name Mac OS X OS Version 10.16
2021-06-20 10:48:22.819 INFO George has a List of the following Clients:
2021-06-20 10:48:22.819 INFO There are 2 Clients in the list
2021-06-20 10:48:22.819 INFO Client Name is Fred Socket on Port 0
2021-06-20 10:48:22.819 INFO Client Name is George Socket on Port 0
2021-06-20 10:48:22.819 INFO Fred has a List of the following Clients:
2021-06-20 10:48:22.819 INFO There are 2 Clients in the list
2021-06-20 10:48:22.819 INFO Client Name is Fred Socket on Port 0
2021-06-20 10:48:22.819 INFO Client Name is George Socket on Port 0
